Command line:
   decodificador2a4_tb_isim_beh.exe
     -simmode  gui
     -simrunnum  0
     -socket  51561

Sun Oct 12 16:26:04 2014


 Elaboration Time: 0.03125 sec

 Current Memory Usage: 358.105 Meg

 Total Signals          : 4
 Total Nets             : 6
 Total Signal Drivers   : 2
 Total Blocks           : 3
 Total Primitive Blocks : 2
 Total Processes        : 2
 Total Traceable Variables  : 8
 Total Scalar Nets and Variables : 366
Total Line Count : 14

 Total Simulation Time: 0.15625 sec

 Current Memory Usage: 358.105 Meg

Sun Oct 12 16:26:15 2014

