Command line:
   intercambiador_tb_isim_beh.exe
     -simmode  gui
     -simrunnum  0
     -socket  51816

Sat Nov 22 23:24:02 2014


 Elaboration Time: 0.03125 sec

 Current Memory Usage: 354.05 Meg

 Total Signals          : 6
 Total Nets             : 13
 Total Signal Drivers   : 3
 Total Blocks           : 3
 Total Primitive Blocks : 2
 Total Processes        : 2
 Total Traceable Variables  : 8
 Total Scalar Nets and Variables : 373
Total Line Count : 22

 Total Simulation Time: 0.5625 sec

 Current Memory Usage: 354.05 Meg

Sat Nov 22 23:28:37 2014

