Command line:
   Ejercicio2_tb_isim_beh.exe
     -simmode  gui
     -simrunnum  0
     -socket  53373

Tue Oct 14 10:53:46 2014


 Elaboration Time: 0.09375 sec

 Current Memory Usage: 358.076 Meg

 Total Signals          : 28
 Total Nets             : 14
 Total Signal Drivers   : 10
 Total Blocks           : 6
 Total Primitive Blocks : 4
 Total Processes        : 8
 Total Traceable Variables  : 8
 Total Scalar Nets and Variables : 374
Total Line Count : 23

 Total Simulation Time: 0.125 sec

 Current Memory Usage: 672.666 Meg

Tue Oct 14 10:54:40 2014

