--------------------------------------------------------------------------------
Release 14.5 Trace  (nt64)
Copyright (c) 1995-2012 Xilinx, Inc.  All rights reserved.

C:\Xilinx\14.5\ISE_DS\ISE\bin\nt64\unwrapped\trce.exe -intstyle ise -v 3 -s 5
-n 3 -fastpaths -xml decodificador.twx decodificador.ncd -o decodificador.twr
decodificador.pcf

Design file:              decodificador.ncd
Physical constraint file: decodificador.pcf
Device,package,speed:     xc3s100e,vq100,-5 (PRODUCTION 1.27 2013-03-26)
Report level:             verbose report

Environment Variable      Effect 
--------------------      ------ 
NONE                      No environment variables were set
--------------------------------------------------------------------------------

INFO:Timing:2698 - No timing constraints found, doing default enumeration.
INFO:Timing:3412 - To improve timing, see the Timing Closure User Guide (UG612).
INFO:Timing:2752 - To get complete path coverage, use the unconstrained paths 
   option. All paths that are not constrained will be reported in the 
   unconstrained paths section(s) of the report.
INFO:Timing:3339 - The clock-to-out numbers in this timing report are based on 
   a 50 Ohm transmission line loading model.  For the details of this model, 
   and for more information on accounting for different loading conditions, 
   please see the device datasheet.
INFO:Timing:3390 - This architecture does not support a default System Jitter 
   value, please add SYSTEM_JITTER constraint to the UCF to modify the Clock 
   Uncertainty calculation.
INFO:Timing:3389 - This architecture does not support 'Discrete Jitter' and 
   'Phase Error' calculations, these terms will be zero in the Clock 
   Uncertainty calculation.  Please make appropriate modification to 
   SYSTEM_JITTER to account for the unsupported Discrete Jitter and Phase 
   Error.



Data Sheet report:
-----------------
All values displayed in nanoseconds (ns)

Pad to Pad
---------------+---------------+---------+
Source Pad     |Destination Pad|  Delay  |
---------------+---------------+---------+
bcd<0>         |led<0>         |    6.173|
bcd<0>         |led<1>         |    6.236|
bcd<0>         |led<2>         |    5.574|
bcd<0>         |led<3>         |    6.207|
bcd<0>         |led<4>         |    5.973|
bcd<0>         |led<5>         |    5.922|
bcd<0>         |led<6>         |    6.224|
bcd<1>         |led<0>         |    6.090|
bcd<1>         |led<1>         |    6.254|
bcd<1>         |led<2>         |    5.619|
bcd<1>         |led<3>         |    6.578|
bcd<1>         |led<4>         |    5.882|
bcd<1>         |led<5>         |    5.834|
bcd<1>         |led<6>         |    6.138|
bcd<2>         |led<0>         |    6.987|
bcd<2>         |led<1>         |    5.910|
bcd<2>         |led<2>         |    6.620|
bcd<2>         |led<3>         |    5.908|
bcd<2>         |led<4>         |    6.657|
bcd<2>         |led<5>         |    6.787|
bcd<2>         |led<6>         |    6.857|
bcd<3>         |led<0>         |    6.243|
bcd<3>         |led<2>         |    5.711|
bcd<3>         |led<3>         |    5.788|
bcd<3>         |led<4>         |    6.069|
bcd<3>         |led<5>         |    6.021|
bcd<3>         |led<6>         |    6.291|
---------------+---------------+---------+


Analysis completed Sat Oct 11 19:52:41 2014 
--------------------------------------------------------------------------------

Trace Settings:
-------------------------
Trace Settings 

Peak Memory Usage: 154 MB



