Release 14.5 - xst P.58f (nt64)
Copyright (c) 1995-2012 Xilinx, Inc.  All rights reserved.
--> Parameter TMPDIR set to xst/projnav.tmp


Total REAL time to Xst completion: 0.00 secs
Total CPU time to Xst completion: 0.19 secs
 
--> Parameter xsthdpdir set to xst


Total REAL time to Xst completion: 0.00 secs
Total CPU time to Xst completion: 0.19 secs
 
--> Reading design: cont_preescalado.prj

TABLE OF CONTENTS
  1) Synthesis Options Summary
  2) HDL Compilation
  3) Design Hierarchy Analysis
  4) HDL Analysis
  5) HDL Synthesis
     5.1) HDL Synthesis Report
  6) Advanced HDL Synthesis
     6.1) Advanced HDL Synthesis Report
  7) Low Level Synthesis
  8) Partition Report
  9) Final Report
	9.1) Device utilization summary
	9.2) Partition Resource Summary
	9.3) TIMING REPORT


=========================================================================
*                      Synthesis Options Summary                        *
=========================================================================
---- Source Parameters
Input File Name                    : "cont_preescalado.prj"
Input Format                       : mixed
Ignore Synthesis Constraint File   : NO

---- Target Parameters
Output File Name                   : "cont_preescalado"
Output Format                      : NGC
Target Device                      : xc3s100e-4-cp132

---- Source Options
Top Module Name                    : cont_preescalado
Automatic FSM Extraction           : YES
FSM Encoding Algorithm             : Auto
Safe Implementation                : No
FSM Style                          : LUT
RAM Extraction                     : Yes
RAM Style                          : Auto
ROM Extraction                     : Yes
Mux Style                          : Auto
Decoder Extraction                 : YES
Priority Encoder Extraction        : Yes
Shift Register Extraction          : YES
Logical Shifter Extraction         : YES
XOR Collapsing                     : YES
ROM Style                          : Auto
Mux Extraction                     : Yes
Resource Sharing                   : YES
Asynchronous To Synchronous        : NO
Multiplier Style                   : Auto
Automatic Register Balancing       : No

---- Target Options
Add IO Buffers                     : YES
Global Maximum Fanout              : 500
Add Generic Clock Buffer(BUFG)     : 24
Register Duplication               : YES
Slice Packing                      : YES
Optimize Instantiated Primitives   : NO
Use Clock Enable                   : Yes
Use Synchronous Set                : Yes
Use Synchronous Reset              : Yes
Pack IO Registers into IOBs        : Auto
Equivalent register Removal        : YES

---- General Options
Optimization Goal                  : Speed
Optimization Effort                : 1
Keep Hierarchy                     : No
Netlist Hierarchy                  : As_Optimized
RTL Output                         : Yes
Global Optimization                : AllClockNets
Read Cores                         : YES
Write Timing Constraints           : NO
Cross Clock Analysis               : NO
Hierarchy Separator                : /
Bus Delimiter                      : <>
Case Specifier                     : Maintain
Slice Utilization Ratio            : 100
BRAM Utilization Ratio             : 100
Verilog 2001                       : YES
Auto BRAM Packing                  : NO
Slice Utilization Ratio Delta      : 5

=========================================================================


=========================================================================
*                          HDL Compilation                              *
=========================================================================
Compiling vhdl file "C:/Users/Tami/Desktop/PRACTICAS DIGITAL/PRACTICA7 EXAMEN/CONTROLADOR_ULTRASONIDOS/cont_preescalado.vhd" in Library work.
Architecture behavioral of Entity cont_preescalado is up to date.

=========================================================================
*                     Design Hierarchy Analysis                         *
=========================================================================
Analyzing hierarchy for entity <cont_preescalado> in library <work> (architecture <behavioral>).


=========================================================================
*                            HDL Analysis                               *
=========================================================================
Analyzing Entity <cont_preescalado> in library <work> (Architecture <behavioral>).
Entity <cont_preescalado> analyzed. Unit <cont_preescalado> generated.


=========================================================================
*                           HDL Synthesis                               *
=========================================================================

Performing bidirectional port resolution...

Synthesizing Unit <cont_preescalado>.
    Related source file is "C:/Users/Tami/Desktop/PRACTICAS DIGITAL/PRACTICA7 EXAMEN/CONTROLADOR_ULTRASONIDOS/cont_preescalado.vhd".
    Found 1-bit register for signal <clk_out_aux>.
    Found 5-bit up counter for signal <cuenta>.
    Found 5-bit adder for signal <cuenta$add0000> created at line 25.
    Summary:
	inferred   1 Counter(s).
	inferred   1 D-type flip-flop(s).
	inferred   1 Adder/Subtractor(s).
Unit <cont_preescalado> synthesized.


=========================================================================
HDL Synthesis Report

Macro Statistics
# Adders/Subtractors                                   : 1
 5-bit adder                                           : 1
# Counters                                             : 1
 5-bit up counter                                      : 1
# Registers                                            : 1
 1-bit register                                        : 1

=========================================================================

=========================================================================
*                       Advanced HDL Synthesis                          *
=========================================================================


=========================================================================
Advanced HDL Synthesis Report

Macro Statistics
# Adders/Subtractors                                   : 1
 5-bit adder                                           : 1
# Counters                                             : 1
 5-bit up counter                                      : 1
# Registers                                            : 1
 Flip-Flops                                            : 1

=========================================================================

=========================================================================
*                         Low Level Synthesis                           *
=========================================================================

Optimizing unit <cont_preescalado> ...

Mapping all equations...
Building and optimizing final netlist ...
Found area constraint ratio of 100 (+ 5) on block cont_preescalado, actual ratio is 0.

Final Macro Processing ...

=========================================================================
Final Register Report

Macro Statistics
# Registers                                            : 6
 Flip-Flops                                            : 6

=========================================================================

=========================================================================
*                           Partition Report                            *
=========================================================================

Partition Implementation Status
-------------------------------

  No Partitions were found in this design.

-------------------------------

=========================================================================
*                            Final Report                               *
=========================================================================
Final Results
RTL Top Level Output File Name     : cont_preescalado.ngr
Top Level Output File Name         : cont_preescalado
Output Format                      : NGC
Optimization Goal                  : Speed
Keep Hierarchy                     : No

Design Statistics
# IOs                              : 3

Cell Usage :
# BELS                             : 11
#      INV                         : 1
#      LUT2                        : 1
#      LUT2_L                      : 1
#      LUT3                        : 2
#      LUT3_L                      : 1
#      LUT4                        : 4
#      MUXF5                       : 1
# FlipFlops/Latches                : 6
#      FDC                         : 4
#      FDCE                        : 1
#      FDE                         : 1
# Clock Buffers                    : 1
#      BUFGP                       : 1
# IO Buffers                       : 2
#      IBUF                        : 1
#      OBUF                        : 1
=========================================================================

Device utilization summary:
---------------------------

Selected Device : 3s100ecp132-4 

 Number of Slices:                        5  out of    960     0%  
 Number of Slice Flip Flops:              6  out of   1920     0%  
 Number of 4 input LUTs:                 10  out of   1920     0%  
 Number of IOs:                           3
 Number of bonded IOBs:                   3  out of     83     3%  
 Number of GCLKs:                         1  out of     24     4%  

---------------------------
Partition Resource Summary:
---------------------------

  No Partitions were found in this design.

---------------------------


=========================================================================
TIMING REPORT

NOTE: THESE TIMING NUMBERS ARE ONLY A SYNTHESIS ESTIMATE.
      FOR ACCURATE TIMING INFORMATION PLEASE REFER TO THE TRACE REPORT
      GENERATED AFTER PLACE-and-ROUTE.

Clock Information:
------------------
-----------------------------------+------------------------+-------+
Clock Signal                       | Clock buffer(FF name)  | Load  |
-----------------------------------+------------------------+-------+
clk                                | BUFGP                  | 6     |
-----------------------------------+------------------------+-------+

Asynchronous Control Signals Information:
----------------------------------------
-----------------------------------+------------------------+-------+
Control Signal                     | Buffer(FF name)        | Load  |
-----------------------------------+------------------------+-------+
reset                              | IBUF                   | 5     |
-----------------------------------+------------------------+-------+

Timing Summary:
---------------
Speed Grade: -4

   Minimum period: 3.782ns (Maximum Frequency: 264.410MHz)
   Minimum input arrival time before clock: 4.549ns
   Maximum output required time after clock: 4.310ns
   Maximum combinational path delay: No path found

Timing Detail:
--------------
All values displayed in nanoseconds (ns)

=========================================================================
Timing constraint: Default period analysis for Clock 'clk'
  Clock period: 3.782ns (frequency: 264.410MHz)
  Total number of paths / destination ports: 29 / 8
-------------------------------------------------------------------------
Delay:               3.782ns (Levels of Logic = 2)
  Source:            cuenta_2 (FF)
  Destination:       clk_out_aux (FF)
  Source Clock:      clk rising
  Destination Clock: clk rising

  Data Path: cuenta_2 to clk_out_aux
                                Gate     Net
    Cell:in->out      fanout   Delay   Delay  Logical Name (Net Name)
    ----------------------------------------  ------------
     FDC:C->Q              6   0.591   0.704  cuenta_2 (cuenta_2)
     LUT3_L:I2->LO         1   0.704   0.104  clk_out_aux_and0000_SW0 (N8)
     LUT4:I3->O            1   0.704   0.420  clk_out_aux_and0000 (clk_out_aux_and0000)
     FDE:CE                    0.555          clk_out_aux
    ----------------------------------------
    Total                      3.782ns (2.554ns logic, 1.228ns route)
                                       (67.5% logic, 32.5% route)

=========================================================================
Timing constraint: Default OFFSET IN BEFORE for Clock 'clk'
  Total number of paths / destination ports: 1 / 1
-------------------------------------------------------------------------
Offset:              4.549ns (Levels of Logic = 3)
  Source:            reset (PAD)
  Destination:       clk_out_aux (FF)
  Destination Clock: clk rising

  Data Path: reset to clk_out_aux
                                Gate     Net
    Cell:in->out      fanout   Delay   Delay  Logical Name (Net Name)
    ----------------------------------------  ------------
     IBUF:I->O             6   1.218   0.844  reset_IBUF (reset_IBUF)
     LUT3_L:I0->LO         1   0.704   0.104  clk_out_aux_and0000_SW0 (N8)
     LUT4:I3->O            1   0.704   0.420  clk_out_aux_and0000 (clk_out_aux_and0000)
     FDE:CE                    0.555          clk_out_aux
    ----------------------------------------
    Total                      4.549ns (3.181ns logic, 1.368ns route)
                                       (69.9% logic, 30.1% route)

=========================================================================
Timing constraint: Default OFFSET OUT AFTER for Clock 'clk'
  Total number of paths / destination ports: 1 / 1
-------------------------------------------------------------------------
Offset:              4.310ns (Levels of Logic = 1)
  Source:            clk_out_aux (FF)
  Destination:       reloj_1mhz (PAD)
  Source Clock:      clk rising

  Data Path: clk_out_aux to reloj_1mhz
                                Gate     Net
    Cell:in->out      fanout   Delay   Delay  Logical Name (Net Name)
    ----------------------------------------  ------------
     FDE:C->Q              2   0.591   0.447  clk_out_aux (clk_out_aux)
     OBUF:I->O                 3.272          reloj_1mhz_OBUF (reloj_1mhz)
    ----------------------------------------
    Total                      4.310ns (3.863ns logic, 0.447ns route)
                                       (89.6% logic, 10.4% route)

=========================================================================


Total REAL time to Xst completion: 5.00 secs
Total CPU time to Xst completion: 5.51 secs
 
--> 

Total memory usage is 258016 kilobytes

Number of errors   :    0 (   0 filtered)
Number of warnings :    0 (   0 filtered)
Number of infos    :    0 (   0 filtered)

