Release 14.5 - xst P.58f (nt64)
Copyright (c) 1995-2012 Xilinx, Inc.  All rights reserved.
--> Parameter TMPDIR set to xst/projnav.tmp


Total REAL time to Xst completion: 0.00 secs
Total CPU time to Xst completion: 0.19 secs
 
--> Parameter xsthdpdir set to xst


Total REAL time to Xst completion: 0.00 secs
Total CPU time to Xst completion: 0.19 secs
 
--> Reading design: eco_counter.prj

TABLE OF CONTENTS
  1) Synthesis Options Summary
  2) HDL Compilation
  3) Design Hierarchy Analysis
  4) HDL Analysis
  5) HDL Synthesis
     5.1) HDL Synthesis Report
  6) Advanced HDL Synthesis
     6.1) Advanced HDL Synthesis Report
  7) Low Level Synthesis
  8) Partition Report
  9) Final Report
	9.1) Device utilization summary
	9.2) Partition Resource Summary
	9.3) TIMING REPORT


=========================================================================
*                      Synthesis Options Summary                        *
=========================================================================
---- Source Parameters
Input File Name                    : "eco_counter.prj"
Input Format                       : mixed
Ignore Synthesis Constraint File   : NO

---- Target Parameters
Output File Name                   : "eco_counter"
Output Format                      : NGC
Target Device                      : xc3s100e-4-cp132

---- Source Options
Top Module Name                    : eco_counter
Automatic FSM Extraction           : YES
FSM Encoding Algorithm             : Auto
Safe Implementation                : No
FSM Style                          : LUT
RAM Extraction                     : Yes
RAM Style                          : Auto
ROM Extraction                     : Yes
Mux Style                          : Auto
Decoder Extraction                 : YES
Priority Encoder Extraction        : Yes
Shift Register Extraction          : YES
Logical Shifter Extraction         : YES
XOR Collapsing                     : YES
ROM Style                          : Auto
Mux Extraction                     : Yes
Resource Sharing                   : YES
Asynchronous To Synchronous        : NO
Multiplier Style                   : Auto
Automatic Register Balancing       : No

---- Target Options
Add IO Buffers                     : YES
Global Maximum Fanout              : 100000
Add Generic Clock Buffer(BUFG)     : 24
Register Duplication               : YES
Slice Packing                      : YES
Optimize Instantiated Primitives   : NO
Use Clock Enable                   : Yes
Use Synchronous Set                : Yes
Use Synchronous Reset              : Yes
Pack IO Registers into IOBs        : Auto
Equivalent register Removal        : YES

---- General Options
Optimization Goal                  : Speed
Optimization Effort                : 1
Keep Hierarchy                     : No
Netlist Hierarchy                  : As_Optimized
RTL Output                         : Yes
Global Optimization                : AllClockNets
Read Cores                         : YES
Write Timing Constraints           : NO
Cross Clock Analysis               : NO
Hierarchy Separator                : /
Bus Delimiter                      : <>
Case Specifier                     : Maintain
Slice Utilization Ratio            : 100
BRAM Utilization Ratio             : 100
Verilog 2001                       : YES
Auto BRAM Packing                  : NO
Slice Utilization Ratio Delta      : 5

=========================================================================


=========================================================================
*                          HDL Compilation                              *
=========================================================================
Compiling vhdl file "C:/Users/Tami/Desktop/PRACTICAS DIGITAL/ULTRASONIDOS/CONTROLADOR_ULTRASONIDOS/abs_counter.vhd" in Library work.
Architecture behavioral of Entity abs_counter is up to date.
Compiling vhdl file "C:/Users/Tami/Desktop/PRACTICAS DIGITAL/ULTRASONIDOS/CONTROLADOR_ULTRASONIDOS/eco_counter.vhd" in Library work.
Architecture behavioral of Entity eco_counter is up to date.

=========================================================================
*                     Design Hierarchy Analysis                         *
=========================================================================
Analyzing hierarchy for entity <eco_counter> in library <work> (architecture <behavioral>).

Analyzing hierarchy for entity <abs_counter> in library <work> (architecture <behavioral>) with generics.
	N_bits = 6
	abs_const = 60

Analyzing hierarchy for entity <abs_counter> in library <work> (architecture <behavioral>) with generics.
	N_bits = 4
	abs_const = 10


=========================================================================
*                            HDL Analysis                               *
=========================================================================
Analyzing Entity <eco_counter> in library <work> (Architecture <behavioral>).
WARNING:Xst:753 - "C:/Users/Tami/Desktop/PRACTICAS DIGITAL/ULTRASONIDOS/CONTROLADOR_ULTRASONIDOS/eco_counter.vhd" line 68: Unconnected output port 'count' of component 'abs_counter'.
WARNING:Xst:753 - "C:/Users/Tami/Desktop/PRACTICAS DIGITAL/ULTRASONIDOS/CONTROLADOR_ULTRASONIDOS/eco_counter.vhd" line 107: Unconnected output port 't' of component 'abs_counter'.
Entity <eco_counter> analyzed. Unit <eco_counter> generated.

Analyzing generic Entity <abs_counter.1> in library <work> (Architecture <behavioral>).
	N_bits = 6
	abs_const = 60
Entity <abs_counter.1> analyzed. Unit <abs_counter.1> generated.

Analyzing generic Entity <abs_counter.2> in library <work> (Architecture <behavioral>).
	N_bits = 4
	abs_const = 10
Entity <abs_counter.2> analyzed. Unit <abs_counter.2> generated.


=========================================================================
*                           HDL Synthesis                               *
=========================================================================

Performing bidirectional port resolution...

Synthesizing Unit <abs_counter_1>.
    Related source file is "C:/Users/Tami/Desktop/PRACTICAS DIGITAL/ULTRASONIDOS/CONTROLADOR_ULTRASONIDOS/abs_counter.vhd".
    Found 6-bit up counter for signal <q>.
    Summary:
	inferred   1 Counter(s).
Unit <abs_counter_1> synthesized.


Synthesizing Unit <abs_counter_2>.
    Related source file is "C:/Users/Tami/Desktop/PRACTICAS DIGITAL/ULTRASONIDOS/CONTROLADOR_ULTRASONIDOS/abs_counter.vhd".
    Found 4-bit up counter for signal <q>.
    Summary:
	inferred   1 Counter(s).
Unit <abs_counter_2> synthesized.


Synthesizing Unit <eco_counter>.
    Related source file is "C:/Users/Tami/Desktop/PRACTICAS DIGITAL/ULTRASONIDOS/CONTROLADOR_ULTRASONIDOS/eco_counter.vhd".
Unit <eco_counter> synthesized.


=========================================================================
HDL Synthesis Report

Macro Statistics
# Counters                                             : 4
 4-bit up counter                                      : 3
 6-bit up counter                                      : 1

=========================================================================

=========================================================================
*                       Advanced HDL Synthesis                          *
=========================================================================


=========================================================================
Advanced HDL Synthesis Report

Macro Statistics
# Counters                                             : 4
 4-bit up counter                                      : 3
 6-bit up counter                                      : 1

=========================================================================

=========================================================================
*                         Low Level Synthesis                           *
=========================================================================

Optimizing unit <eco_counter> ...

Mapping all equations...
Building and optimizing final netlist ...
Found area constraint ratio of 100 (+ 5) on block eco_counter, actual ratio is 1.

Final Macro Processing ...

=========================================================================
Final Register Report

Macro Statistics
# Registers                                            : 18
 Flip-Flops                                            : 18

=========================================================================

=========================================================================
*                           Partition Report                            *
=========================================================================

Partition Implementation Status
-------------------------------

  No Partitions were found in this design.

-------------------------------

=========================================================================
*                            Final Report                               *
=========================================================================
Final Results
RTL Top Level Output File Name     : eco_counter.ngr
Top Level Output File Name         : eco_counter
Output Format                      : NGC
Optimization Goal                  : Speed
Keep Hierarchy                     : No

Design Statistics
# IOs                              : 15

Cell Usage :
# BELS                             : 29
#      INV                         : 4
#      LUT2                        : 3
#      LUT3                        : 3
#      LUT3_L                      : 1
#      LUT4                        : 14
#      LUT4_D                      : 1
#      LUT4_L                      : 3
# FlipFlops/Latches                : 18
#      FDCE                        : 18
# Clock Buffers                    : 1
#      BUFGP                       : 1
# IO Buffers                       : 14
#      IBUF                        : 2
#      OBUF                        : 12
=========================================================================

Device utilization summary:
---------------------------

Selected Device : 3s100ecp132-4 

 Number of Slices:                       14  out of    960     1%  
 Number of Slice Flip Flops:             18  out of   1920     0%  
 Number of 4 input LUTs:                 29  out of   1920     1%  
 Number of IOs:                          15
 Number of bonded IOBs:                  15  out of     83    18%  
 Number of GCLKs:                         1  out of     24     4%  

---------------------------
Partition Resource Summary:
---------------------------

  No Partitions were found in this design.

---------------------------


=========================================================================
TIMING REPORT

NOTE: THESE TIMING NUMBERS ARE ONLY A SYNTHESIS ESTIMATE.
      FOR ACCURATE TIMING INFORMATION PLEASE REFER TO THE TRACE REPORT
      GENERATED AFTER PLACE-and-ROUTE.

Clock Information:
------------------
-----------------------------------+------------------------+-------+
Clock Signal                       | Clock buffer(FF name)  | Load  |
-----------------------------------+------------------------+-------+
clk                                | BUFGP                  | 18    |
-----------------------------------+------------------------+-------+

Asynchronous Control Signals Information:
----------------------------------------
-----------------------------------+------------------------+-------+
Control Signal                     | Buffer(FF name)        | Load  |
-----------------------------------+------------------------+-------+
rst                                | IBUF                   | 18    |
-----------------------------------+------------------------+-------+

Timing Summary:
---------------
Speed Grade: -4

   Minimum period: 5.745ns (Maximum Frequency: 174.064MHz)
   Minimum input arrival time before clock: 6.416ns
   Maximum output required time after clock: 4.532ns
   Maximum combinational path delay: No path found

Timing Detail:
--------------
All values displayed in nanoseconds (ns)

=========================================================================
Timing constraint: Default period analysis for Clock 'clk'
  Clock period: 5.745ns (frequency: 174.064MHz)
  Total number of paths / destination ports: 186 / 30
-------------------------------------------------------------------------
Delay:               5.745ns (Levels of Logic = 3)
  Source:            cm_counter/q_1 (FF)
  Destination:       m_counter/q_0 (FF)
  Source Clock:      clk rising
  Destination Clock: clk rising

  Data Path: cm_counter/q_1 to m_counter/q_0
                                Gate     Net
    Cell:in->out      fanout   Delay   Delay  Logical Name (Net Name)
    ----------------------------------------  ------------
     FDCE:C->Q             5   0.591   0.808  cm_counter/q_1 (cm_counter/q_1)
     LUT2:I0->O            1   0.704   0.455  en_m2_SW0 (N8)
     LUT4:I2->O            5   0.704   0.637  en_m2 (en_dm)
     LUT4:I3->O            4   0.704   0.587  en_m (en_m)
     FDCE:CE                   0.555          m_counter/q_0
    ----------------------------------------
    Total                      5.745ns (3.258ns logic, 2.487ns route)
                                       (56.7% logic, 43.3% route)

=========================================================================
Timing constraint: Default OFFSET IN BEFORE for Clock 'clk'
  Total number of paths / destination ports: 18 / 18
-------------------------------------------------------------------------
Offset:              6.416ns (Levels of Logic = 4)
  Source:            en (PAD)
  Destination:       m_counter/q_0 (FF)
  Destination Clock: clk rising

  Data Path: en to m_counter/q_0
                                Gate     Net
    Cell:in->out      fanout   Delay   Delay  Logical Name (Net Name)
    ----------------------------------------  ------------
     IBUF:I->O             7   1.218   0.883  en_IBUF (en_IBUF)
     LUT4_D:I0->O          1   0.704   0.424  en_m21_SW0 (N12)
     LUT4:I3->O            5   0.704   0.637  en_m2 (en_dm)
     LUT4:I3->O            4   0.704   0.587  en_m (en_m)
     FDCE:CE                   0.555          m_counter/q_0
    ----------------------------------------
    Total                      6.416ns (3.885ns logic, 2.531ns route)
                                       (60.6% logic, 39.4% route)

=========================================================================
Timing constraint: Default OFFSET OUT AFTER for Clock 'clk'
  Total number of paths / destination ports: 12 / 12
-------------------------------------------------------------------------
Offset:              4.532ns (Levels of Logic = 1)
  Source:            dm_counter/q_0 (FF)
  Destination:       dm_count<0> (PAD)
  Source Clock:      clk rising

  Data Path: dm_counter/q_0 to dm_count<0>
                                Gate     Net
    Cell:in->out      fanout   Delay   Delay  Logical Name (Net Name)
    ----------------------------------------  ------------
     FDCE:C->Q             6   0.591   0.669  dm_counter/q_0 (dm_counter/q_0)
     OBUF:I->O                 3.272          dm_count_0_OBUF (dm_count<0>)
    ----------------------------------------
    Total                      4.532ns (3.863ns logic, 0.669ns route)
                                       (85.2% logic, 14.8% route)

=========================================================================


Total REAL time to Xst completion: 6.00 secs
Total CPU time to Xst completion: 5.97 secs
 
--> 

Total memory usage is 258016 kilobytes

Number of errors   :    0 (   0 filtered)
Number of warnings :    2 (   0 filtered)
Number of infos    :    0 (   0 filtered)

