Running: C:\Xilinx\14.5\ISE_DS\ISE\bin\nt64\unwrapped\fuse.exe -intstyle ise -incremental -o C:/Users/Tami/Desktop/PRACTICAS DIGITAL/ULTRASONIDOS/CONTROLADOR_ULTRASONIDOS + 7SEGMENTOS/cycle_counter_isim_beh.exe -prj C:/Users/Tami/Desktop/PRACTICAS DIGITAL/ULTRASONIDOS/CONTROLADOR_ULTRASONIDOS + 7SEGMENTOS/cycle_counter_beh.prj work.cycle_counter 
ISim P.58f (signature 0x7708f090)
Number of CPUs detected in this system: 4
Turning on mult-threading, number of parallel sub-compilation jobs: 8 
Determining compilation order of HDL files
Parsing VHDL file "C:/Users/Tami/Desktop/PRACTICAS DIGITAL/ULTRASONIDOS/CONTROLADOR_ULTRASONIDOS + 7SEGMENTOS/cycle_counter_19455.vhd" into library work
Parsing VHDL file "C:/Users/Tami/Desktop/PRACTICAS DIGITAL/ULTRASONIDOS/CONTROLADOR_ULTRASONIDOS + 7SEGMENTOS/cycle_counter.vhd" into library work
Starting static elaboration
Completed static elaboration
Compiling package standard
Compiling package std_logic_1164
Compiling package std_logic_arith
Compiling package std_logic_unsigned
Compiling architecture behavioral of entity cycle_counter_19455 [\cycle_counter_19455(15,19455)\]
Compiling architecture behavior of entity cycle_counter
Time Resolution for simulation is 1ps.
Waiting for 2 sub-compilation(s) to finish...
Compiled 7 VHDL Units
Built simulation executable C:/Users/Tami/Desktop/PRACTICAS DIGITAL/ULTRASONIDOS/CONTROLADOR_ULTRASONIDOS + 7SEGMENTOS/cycle_counter_isim_beh.exe
Fuse Memory Usage: 33592 KB
Fuse CPU Usage: 607 ms
