--------------------------------------------------------------------------------
Release 14.5 Trace  (nt64)
Copyright (c) 1995-2012 Xilinx, Inc.  All rights reserved.

C:\Xilinx\14.5\ISE_DS\ISE\bin\nt64\unwrapped\trce.exe -intstyle ise -v 3 -s 4
-n 3 -fastpaths -xml ultrasonidos_7segmentos.twx ultrasonidos_7segmentos.ncd -o
ultrasonidos_7segmentos.twr ultrasonidos_7segmentos.pcf -ucf
pin_assignation.ucf

Design file:              ultrasonidos_7segmentos.ncd
Physical constraint file: ultrasonidos_7segmentos.pcf
Device,package,speed:     xc3s100e,cp132,-4 (PRODUCTION 1.27 2013-03-26)
Report level:             verbose report

Environment Variable      Effect 
--------------------      ------ 
NONE                      No environment variables were set
--------------------------------------------------------------------------------

INFO:Timing:2698 - No timing constraints found, doing default enumeration.
INFO:Timing:3412 - To improve timing, see the Timing Closure User Guide (UG612).
INFO:Timing:2752 - To get complete path coverage, use the unconstrained paths 
   option. All paths that are not constrained will be reported in the 
   unconstrained paths section(s) of the report.
INFO:Timing:3339 - The clock-to-out numbers in this timing report are based on 
   a 50 Ohm transmission line loading model.  For the details of this model, 
   and for more information on accounting for different loading conditions, 
   please see the device datasheet.
INFO:Timing:3390 - This architecture does not support a default System Jitter 
   value, please add SYSTEM_JITTER constraint to the UCF to modify the Clock 
   Uncertainty calculation.
INFO:Timing:3389 - This architecture does not support 'Discrete Jitter' and 
   'Phase Error' calculations, these terms will be zero in the Clock 
   Uncertainty calculation.  Please make appropriate modification to 
   SYSTEM_JITTER to account for the unsupported Discrete Jitter and Phase 
   Error.



Data Sheet report:
-----------------
All values displayed in nanoseconds (ns)

Setup/Hold to clock clk
------------+------------+------------+------------------+--------+
            |Max Setup to|Max Hold to |                  | Clock  |
Source      | clk (edge) | clk (edge) |Internal Clock(s) | Phase  |
------------+------------+------------+------------------+--------+
en          |    4.179(R)|    0.132(R)|clk_BUFGP         |   0.000|
rst         |    5.333(R)|   -2.863(R)|clk_BUFGP         |   0.000|
------------+------------+------------+------------------+--------+

Clock clk to Pad
------------+------------+------------------+--------+
            | clk (edge) |                  | Clock  |
Destination |   to PAD   |Internal Clock(s) | Phase  |
------------+------------+------------------+--------+
an<0>       |    9.486(R)|clk_BUFGP         |   0.000|
an<1>       |    8.974(R)|clk_BUFGP         |   0.000|
an<2>       |    9.530(R)|clk_BUFGP         |   0.000|
an<3>       |    9.469(R)|clk_BUFGP         |   0.000|
led<0>      |   12.870(R)|clk_BUFGP         |   0.000|
led<1>      |   13.099(R)|clk_BUFGP         |   0.000|
led<2>      |   13.135(R)|clk_BUFGP         |   0.000|
led<3>      |   13.097(R)|clk_BUFGP         |   0.000|
led<4>      |   13.308(R)|clk_BUFGP         |   0.000|
led<5>      |   12.741(R)|clk_BUFGP         |   0.000|
led<6>      |   13.157(R)|clk_BUFGP         |   0.000|
------------+------------+------------------+--------+

Clock to Setup on destination clock clk
---------------+---------+---------+---------+---------+
               | Src:Rise| Src:Fall| Src:Rise| Src:Fall|
Source Clock   |Dest:Rise|Dest:Rise|Dest:Fall|Dest:Fall|
---------------+---------+---------+---------+---------+
clk            |    3.949|         |         |         |
---------------+---------+---------+---------+---------+


Analysis completed Thu Nov 27 12:36:58 2014 
--------------------------------------------------------------------------------

Trace Settings:
-------------------------
Trace Settings 

Peak Memory Usage: 154 MB



