Command line:
   contador_tb_isim_beh.exe
     -simmode  gui
     -simrunnum  0
     -socket  54787

Tue Nov 11 10:56:53 2014


 Elaboration Time: 0.03125 sec

 Current Memory Usage: 354.111 Meg

 Total Signals          : 6
 Total Nets             : 10
 Total Signal Drivers   : 3
 Total Blocks           : 5
 Total Primitive Blocks : 4
 Total Processes        : 3
 Total Traceable Variables  : 11
 Total Scalar Nets and Variables : 389
Total Line Count : 12

 Total Simulation Time: 1.20313 sec

 Current Memory Usage: 668.701 Meg

Tue Nov 11 10:57:25 2014

