Release 14.5 - xst P.58f (nt64)
Copyright (c) 1995-2012 Xilinx, Inc.  All rights reserved.
--> Parameter TMPDIR set to xst/projnav.tmp


Total REAL time to Xst completion: 1.00 secs
Total CPU time to Xst completion: 0.74 secs
 
--> Parameter xsthdpdir set to xst


Total REAL time to Xst completion: 1.00 secs
Total CPU time to Xst completion: 0.74 secs
 
--> Reading design: Ejercicio2.prj

TABLE OF CONTENTS
  1) Synthesis Options Summary
  2) HDL Compilation
  3) Design Hierarchy Analysis
  4) HDL Analysis
  5) HDL Synthesis
     5.1) HDL Synthesis Report
  6) Advanced HDL Synthesis
     6.1) Advanced HDL Synthesis Report
  7) Low Level Synthesis
  8) Partition Report
  9) Final Report
	9.1) Device utilization summary
	9.2) Partition Resource Summary
	9.3) TIMING REPORT


=========================================================================
*                      Synthesis Options Summary                        *
=========================================================================
---- Source Parameters
Input File Name                    : "Ejercicio2.prj"
Input Format                       : mixed
Ignore Synthesis Constraint File   : NO

---- Target Parameters
Output File Name                   : "Ejercicio2"
Output Format                      : NGC
Target Device                      : xc3s100e-5-vq100

---- Source Options
Top Module Name                    : Ejercicio2
Automatic FSM Extraction           : YES
FSM Encoding Algorithm             : Auto
Safe Implementation                : No
FSM Style                          : LUT
RAM Extraction                     : Yes
RAM Style                          : Auto
ROM Extraction                     : Yes
Mux Style                          : Auto
Decoder Extraction                 : YES
Priority Encoder Extraction        : Yes
Shift Register Extraction          : YES
Logical Shifter Extraction         : YES
XOR Collapsing                     : YES
ROM Style                          : Auto
Mux Extraction                     : Yes
Resource Sharing                   : YES
Asynchronous To Synchronous        : NO
Multiplier Style                   : Auto
Automatic Register Balancing       : No

---- Target Options
Add IO Buffers                     : YES
Global Maximum Fanout              : 500
Add Generic Clock Buffer(BUFG)     : 24
Register Duplication               : YES
Slice Packing                      : YES
Optimize Instantiated Primitives   : NO
Use Clock Enable                   : Yes
Use Synchronous Set                : Yes
Use Synchronous Reset              : Yes
Pack IO Registers into IOBs        : Auto
Equivalent register Removal        : YES

---- General Options
Optimization Goal                  : Speed
Optimization Effort                : 1
Keep Hierarchy                     : No
Netlist Hierarchy                  : As_Optimized
RTL Output                         : Yes
Global Optimization                : AllClockNets
Read Cores                         : YES
Write Timing Constraints           : NO
Cross Clock Analysis               : NO
Hierarchy Separator                : /
Bus Delimiter                      : <>
Case Specifier                     : Maintain
Slice Utilization Ratio            : 100
BRAM Utilization Ratio             : 100
Verilog 2001                       : YES
Auto BRAM Packing                  : NO
Slice Utilization Ratio Delta      : 5

=========================================================================


=========================================================================
*                          HDL Compilation                              *
=========================================================================
Compiling vhdl file "C:/Users/Ivan/Desktop/Practicas digital  Repeticion/Realizacion/Prueba_practica/Ejercicio1.vhd" in Library work.
Architecture behavioral of Entity ejercicio1 is up to date.
Compiling vhdl file "C:/Users/Ivan/Desktop/Practicas digital  Repeticion/Realizacion/Prueba_practica/Ejercicio2.vhd" in Library work.
Architecture behavioral of Entity ejercicio2 is up to date.

=========================================================================
*                     Design Hierarchy Analysis                         *
=========================================================================
Analyzing hierarchy for entity <Ejercicio2> in library <work> (architecture <behavioral>).

Analyzing hierarchy for entity <Ejercicio1> in library <work> (architecture <behavioral>).


=========================================================================
*                            HDL Analysis                               *
=========================================================================
Analyzing Entity <Ejercicio2> in library <work> (Architecture <behavioral>).
Entity <Ejercicio2> analyzed. Unit <Ejercicio2> generated.

Analyzing Entity <Ejercicio1> in library <work> (Architecture <behavioral>).
Entity <Ejercicio1> analyzed. Unit <Ejercicio1> generated.


=========================================================================
*                           HDL Synthesis                               *
=========================================================================

Performing bidirectional port resolution...

Synthesizing Unit <Ejercicio1>.
    Related source file is "C:/Users/Ivan/Desktop/Practicas digital  Repeticion/Realizacion/Prueba_practica/Ejercicio1.vhd".
    Found 1-bit xor3 for signal <s>.
    Summary:
	inferred   1 Xor(s).
Unit <Ejercicio1> synthesized.


Synthesizing Unit <Ejercicio2>.
    Related source file is "C:/Users/Ivan/Desktop/Practicas digital  Repeticion/Realizacion/Prueba_practica/Ejercicio2.vhd".
    Found 1-bit xor2 for signal <overflow>.
Unit <Ejercicio2> synthesized.


=========================================================================
HDL Synthesis Report

Macro Statistics
# Xors                                                 : 4
 1-bit xor2                                            : 1
 1-bit xor3                                            : 3

=========================================================================

=========================================================================
*                       Advanced HDL Synthesis                          *
=========================================================================


=========================================================================
Advanced HDL Synthesis Report

Macro Statistics
# Xors                                                 : 4
 1-bit xor2                                            : 1
 1-bit xor3                                            : 3

=========================================================================

=========================================================================
*                         Low Level Synthesis                           *
=========================================================================

Optimizing unit <Ejercicio2> ...

Mapping all equations...
Building and optimizing final netlist ...
Found area constraint ratio of 100 (+ 5) on block Ejercicio2, actual ratio is 0.

Final Macro Processing ...

=========================================================================
Final Register Report

Found no macro
=========================================================================

=========================================================================
*                           Partition Report                            *
=========================================================================

Partition Implementation Status
-------------------------------

  No Partitions were found in this design.

-------------------------------

=========================================================================
*                            Final Report                               *
=========================================================================
Final Results
RTL Top Level Output File Name     : Ejercicio2.ngr
Top Level Output File Name         : Ejercicio2
Output Format                      : NGC
Optimization Goal                  : Speed
Keep Hierarchy                     : No

Design Statistics
# IOs                              : 11

Cell Usage :
# BELS                             : 6
#      LUT3                        : 6
# IO Buffers                       : 11
#      IBUF                        : 7
#      OBUF                        : 4
=========================================================================

Device utilization summary:
---------------------------

Selected Device : 3s100evq100-5 

 Number of Slices:                        3  out of    960     0%  
 Number of 4 input LUTs:                  6  out of   1920     0%  
 Number of IOs:                          11
 Number of bonded IOBs:                  11  out of     66    16%  

---------------------------
Partition Resource Summary:
---------------------------

  No Partitions were found in this design.

---------------------------


=========================================================================
TIMING REPORT

NOTE: THESE TIMING NUMBERS ARE ONLY A SYNTHESIS ESTIMATE.
      FOR ACCURATE TIMING INFORMATION PLEASE REFER TO THE TRACE REPORT
      GENERATED AFTER PLACE-and-ROUTE.

Clock Information:
------------------
No clock signals found in this design

Asynchronous Control Signals Information:
----------------------------------------
No asynchronous control signals found in this design

Timing Summary:
---------------
Speed Grade: -5

   Minimum period: No path found
   Minimum input arrival time before clock: No path found
   Maximum output required time after clock: No path found
   Maximum combinational path delay: 7.859ns

Timing Detail:
--------------
All values displayed in nanoseconds (ns)

=========================================================================
Timing constraint: Default path analysis
  Total number of paths / destination ports: 22 / 4
-------------------------------------------------------------------------
Delay:               7.859ns (Levels of Logic = 5)
  Source:            b<0> (PAD)
  Destination:       overflow (PAD)

  Data Path: b<0> to overflow
                                Gate     Net
    Cell:in->out      fanout   Delay   Delay  Logical Name (Net Name)
    ----------------------------------------  ------------
     IBUF:I->O             2   1.106   0.532  b_0_IBUF (b_0_IBUF)
     LUT3:I0->O            2   0.612   0.449  Inst_Ejercicio1/cout1 (int0)
     LUT3:I1->O            2   0.612   0.410  Inst_Ejercicio1_2/cout1 (int1)
     LUT3:I2->O            1   0.612   0.357  Mxor_overflow_Result1 (overflow_OBUF)
     OBUF:I->O                 3.169          overflow_OBUF (overflow)
    ----------------------------------------
    Total                      7.859ns (6.111ns logic, 1.748ns route)
                                       (77.8% logic, 22.2% route)

=========================================================================


Total REAL time to Xst completion: 20.00 secs
Total CPU time to Xst completion: 19.68 secs
 
--> 

Total memory usage is 232628 kilobytes

Number of errors   :    0 (   0 filtered)
Number of warnings :    0 (   0 filtered)
Number of infos    :    0 (   0 filtered)

