Release 14.5 - xst P.58f (nt64)
Copyright (c) 1995-2012 Xilinx, Inc.  All rights reserved.
--> Parameter TMPDIR set to xst/projnav.tmp


Total REAL time to Xst completion: 0.00 secs
Total CPU time to Xst completion: 0.20 secs
 
--> Parameter xsthdpdir set to xst


Total REAL time to Xst completion: 0.00 secs
Total CPU time to Xst completion: 0.20 secs
 
--> Reading design: seven_segment_mux.prj

TABLE OF CONTENTS
  1) Synthesis Options Summary
  2) HDL Compilation
  3) Design Hierarchy Analysis
  4) HDL Analysis
  5) HDL Synthesis
     5.1) HDL Synthesis Report
  6) Advanced HDL Synthesis
     6.1) Advanced HDL Synthesis Report
  7) Low Level Synthesis
  8) Partition Report
  9) Final Report
	9.1) Device utilization summary
	9.2) Partition Resource Summary
	9.3) TIMING REPORT


=========================================================================
*                      Synthesis Options Summary                        *
=========================================================================
---- Source Parameters
Input File Name                    : "seven_segment_mux.prj"
Input Format                       : mixed
Ignore Synthesis Constraint File   : NO

---- Target Parameters
Output File Name                   : "seven_segment_mux"
Output Format                      : NGC
Target Device                      : xc3s100e-5-vq100

---- Source Options
Top Module Name                    : seven_segment_mux
Automatic FSM Extraction           : YES
FSM Encoding Algorithm             : Auto
Safe Implementation                : No
FSM Style                          : LUT
RAM Extraction                     : Yes
RAM Style                          : Auto
ROM Extraction                     : Yes
Mux Style                          : Auto
Decoder Extraction                 : YES
Priority Encoder Extraction        : Yes
Shift Register Extraction          : YES
Logical Shifter Extraction         : YES
XOR Collapsing                     : YES
ROM Style                          : Auto
Mux Extraction                     : Yes
Resource Sharing                   : YES
Asynchronous To Synchronous        : NO
Multiplier Style                   : Auto
Automatic Register Balancing       : No

---- Target Options
Add IO Buffers                     : YES
Global Maximum Fanout              : 100000
Add Generic Clock Buffer(BUFG)     : 24
Register Duplication               : YES
Slice Packing                      : YES
Optimize Instantiated Primitives   : NO
Use Clock Enable                   : Yes
Use Synchronous Set                : Yes
Use Synchronous Reset              : Yes
Pack IO Registers into IOBs        : Auto
Equivalent register Removal        : YES

---- General Options
Optimization Goal                  : Speed
Optimization Effort                : 1
Keep Hierarchy                     : No
Netlist Hierarchy                  : As_Optimized
RTL Output                         : Yes
Global Optimization                : AllClockNets
Read Cores                         : YES
Write Timing Constraints           : NO
Cross Clock Analysis               : NO
Hierarchy Separator                : /
Bus Delimiter                      : <>
Case Specifier                     : Maintain
Slice Utilization Ratio            : 100
BRAM Utilization Ratio             : 100
Verilog 2001                       : YES
Auto BRAM Packing                  : NO
Slice Utilization Ratio Delta      : 5

=========================================================================


=========================================================================
*                          HDL Compilation                              *
=========================================================================
Compiling vhdl file "C:/Users/Ivan/Desktop/Practicas digital  Repeticion/Realizacion/Practica_3REP/multiplexor.vhd" in Library work.
Architecture behavioral of Entity multiplexor is up to date.
Compiling vhdl file "C:/Users/Ivan/Desktop/Practicas digital  Repeticion/Realizacion/Practica_3REP/decodificador2a4.vhd" in Library work.
Architecture behavioral of Entity decodificador2a4 is up to date.
Compiling vhdl file "C:/Users/Ivan/Desktop/Practicas digital  Repeticion/Realizacion/Practica_3REP/seq_generator.vhd" in Library work.
Architecture arch of Entity seq_generator is up to date.
Compiling vhdl file "C:/Users/Ivan/Desktop/Practicas digital  Repeticion/Realizacion/Practica_3REP/decodificador.vhd" in Library work.
Architecture behavioral of Entity decodificador is up to date.
Compiling vhdl file "C:/Users/Ivan/Desktop/Practicas digital  Repeticion/Realizacion/Practica_3REP/seven_segment_mux.vhd" in Library work.
Entity <seven_segment_mux> compiled.
Entity <seven_segment_mux> (Architecture <behavioral>) compiled.

=========================================================================
*                     Design Hierarchy Analysis                         *
=========================================================================
Analyzing hierarchy for entity <seven_segment_mux> in library <work> (architecture <behavioral>).

Analyzing hierarchy for entity <multiplexor> in library <work> (architecture <behavioral>).

Analyzing hierarchy for entity <decodificador2a4> in library <work> (architecture <behavioral>).

Analyzing hierarchy for entity <seq_generator> in library <work> (architecture <arch>).

Analyzing hierarchy for entity <decodificador> in library <work> (architecture <behavioral>).


=========================================================================
*                            HDL Analysis                               *
=========================================================================
Analyzing Entity <seven_segment_mux> in library <work> (Architecture <behavioral>).
Entity <seven_segment_mux> analyzed. Unit <seven_segment_mux> generated.

Analyzing Entity <multiplexor> in library <work> (Architecture <behavioral>).
Entity <multiplexor> analyzed. Unit <multiplexor> generated.

Analyzing Entity <decodificador2a4> in library <work> (Architecture <behavioral>).
INFO:Xst:1561 - "C:/Users/Ivan/Desktop/Practicas digital  Repeticion/Realizacion/Practica_3REP/decodificador2a4.vhd" line 55: Mux is complete : default of case is discarded
Entity <decodificador2a4> analyzed. Unit <decodificador2a4> generated.

Analyzing Entity <seq_generator> in library <work> (Architecture <arch>).
Entity <seq_generator> analyzed. Unit <seq_generator> generated.

Analyzing Entity <decodificador> in library <work> (Architecture <behavioral>).
Entity <decodificador> analyzed. Unit <decodificador> generated.


=========================================================================
*                           HDL Synthesis                               *
=========================================================================

Performing bidirectional port resolution...

Synthesizing Unit <multiplexor>.
    Related source file is "C:/Users/Ivan/Desktop/Practicas digital  Repeticion/Realizacion/Practica_3REP/multiplexor.vhd".
    Found 4-bit 4-to-1 multiplexer for signal <output>.
    Summary:
	inferred   4 Multiplexer(s).
Unit <multiplexor> synthesized.


Synthesizing Unit <decodificador2a4>.
    Related source file is "C:/Users/Ivan/Desktop/Practicas digital  Repeticion/Realizacion/Practica_3REP/decodificador2a4.vhd".
    Found 1-of-4 decoder for signal <D>.
    Summary:
	inferred   1 Decoder(s).
Unit <decodificador2a4> synthesized.


Synthesizing Unit <seq_generator>.
    Related source file is "C:/Users/Ivan/Desktop/Practicas digital  Repeticion/Realizacion/Practica_3REP/seq_generator.vhd".
    Found 18-bit up counter for signal <q_reg>.
    Summary:
	inferred   1 Counter(s).
Unit <seq_generator> synthesized.


Synthesizing Unit <decodificador>.
    Related source file is "C:/Users/Ivan/Desktop/Practicas digital  Repeticion/Realizacion/Practica_3REP/decodificador.vhd".
Unit <decodificador> synthesized.


Synthesizing Unit <seven_segment_mux>.
    Related source file is "C:/Users/Ivan/Desktop/Practicas digital  Repeticion/Realizacion/Practica_3REP/seven_segment_mux.vhd".
Unit <seven_segment_mux> synthesized.


=========================================================================
HDL Synthesis Report

Macro Statistics
# Counters                                             : 1
 18-bit up counter                                     : 1
# Multiplexers                                         : 1
 4-bit 4-to-1 multiplexer                              : 1
# Decoders                                             : 1
 1-of-4 decoder                                        : 1

=========================================================================

=========================================================================
*                       Advanced HDL Synthesis                          *
=========================================================================


=========================================================================
Advanced HDL Synthesis Report

Macro Statistics
# Counters                                             : 1
 18-bit up counter                                     : 1
# Multiplexers                                         : 1
 4-bit 4-to-1 multiplexer                              : 1
# Decoders                                             : 1
 1-of-4 decoder                                        : 1

=========================================================================

=========================================================================
*                         Low Level Synthesis                           *
=========================================================================

Optimizing unit <seven_segment_mux> ...

Mapping all equations...
Building and optimizing final netlist ...
Found area constraint ratio of 100 (+ 5) on block seven_segment_mux, actual ratio is 1.

Final Macro Processing ...

=========================================================================
Final Register Report

Macro Statistics
# Registers                                            : 18
 Flip-Flops                                            : 18

=========================================================================

=========================================================================
*                           Partition Report                            *
=========================================================================

Partition Implementation Status
-------------------------------

  No Partitions were found in this design.

-------------------------------

=========================================================================
*                            Final Report                               *
=========================================================================
Final Results
RTL Top Level Output File Name     : seven_segment_mux.ngr
Top Level Output File Name         : seven_segment_mux
Output Format                      : NGC
Optimization Goal                  : Speed
Keep Hierarchy                     : No

Design Statistics
# IOs                              : 16

Cell Usage :
# BELS                             : 71
#      GND                         : 1
#      INV                         : 1
#      LUT1                        : 17
#      LUT2                        : 4
#      LUT3                        : 7
#      LUT4                        : 5
#      MUXCY                       : 17
#      VCC                         : 1
#      XORCY                       : 18
# FlipFlops/Latches                : 18
#      FD                          : 18
# Clock Buffers                    : 1
#      BUFGP                       : 1
# IO Buffers                       : 15
#      IBUF                        : 4
#      OBUF                        : 11
=========================================================================

Device utilization summary:
---------------------------

Selected Device : 3s100evq100-5 

 Number of Slices:                       18  out of    960     1%  
 Number of Slice Flip Flops:             18  out of   1920     0%  
 Number of 4 input LUTs:                 34  out of   1920     1%  
 Number of IOs:                          16
 Number of bonded IOBs:                  16  out of     66    24%  
 Number of GCLKs:                         1  out of     24     4%  

---------------------------
Partition Resource Summary:
---------------------------

  No Partitions were found in this design.

---------------------------


=========================================================================
TIMING REPORT

NOTE: THESE TIMING NUMBERS ARE ONLY A SYNTHESIS ESTIMATE.
      FOR ACCURATE TIMING INFORMATION PLEASE REFER TO THE TRACE REPORT
      GENERATED AFTER PLACE-and-ROUTE.

Clock Information:
------------------
-----------------------------------+------------------------+-------+
Clock Signal                       | Clock buffer(FF name)  | Load  |
-----------------------------------+------------------------+-------+
clk                                | BUFGP                  | 18    |
-----------------------------------+------------------------+-------+

Asynchronous Control Signals Information:
----------------------------------------
No asynchronous control signals found in this design

Timing Summary:
---------------
Speed Grade: -5

   Minimum period: 3.779ns (Maximum Frequency: 264.655MHz)
   Minimum input arrival time before clock: No path found
   Maximum output required time after clock: 6.886ns
   Maximum combinational path delay: 7.026ns

Timing Detail:
--------------
All values displayed in nanoseconds (ns)

=========================================================================
Timing constraint: Default period analysis for Clock 'clk'
  Clock period: 3.779ns (frequency: 264.655MHz)
  Total number of paths / destination ports: 171 / 18
-------------------------------------------------------------------------
Delay:               3.779ns (Levels of Logic = 18)
  Source:            Inst_seq_generator/q_reg_1 (FF)
  Destination:       Inst_seq_generator/q_reg_17 (FF)
  Source Clock:      clk rising
  Destination Clock: clk rising

  Data Path: Inst_seq_generator/q_reg_1 to Inst_seq_generator/q_reg_17
                                Gate     Net
    Cell:in->out      fanout   Delay   Delay  Logical Name (Net Name)
    ----------------------------------------  ------------
     FD:C->Q               1   0.514   0.509  Inst_seq_generator/q_reg_1 (Inst_seq_generator/q_reg_1)
     LUT1:I0->O            1   0.612   0.000  Inst_seq_generator/Mcount_q_reg_cy<1>_rt (Inst_seq_generator/Mcount_q_reg_cy<1>_rt)
     MUXCY:S->O            1   0.404   0.000  Inst_seq_generator/Mcount_q_reg_cy<1> (Inst_seq_generator/Mcount_q_reg_cy<1>)
     MUXCY:CI->O           1   0.051   0.000  Inst_seq_generator/Mcount_q_reg_cy<2> (Inst_seq_generator/Mcount_q_reg_cy<2>)
     MUXCY:CI->O           1   0.051   0.000  Inst_seq_generator/Mcount_q_reg_cy<3> (Inst_seq_generator/Mcount_q_reg_cy<3>)
     MUXCY:CI->O           1   0.051   0.000  Inst_seq_generator/Mcount_q_reg_cy<4> (Inst_seq_generator/Mcount_q_reg_cy<4>)
     MUXCY:CI->O           1   0.051   0.000  Inst_seq_generator/Mcount_q_reg_cy<5> (Inst_seq_generator/Mcount_q_reg_cy<5>)
     MUXCY:CI->O           1   0.051   0.000  Inst_seq_generator/Mcount_q_reg_cy<6> (Inst_seq_generator/Mcount_q_reg_cy<6>)
     MUXCY:CI->O           1   0.051   0.000  Inst_seq_generator/Mcount_q_reg_cy<7> (Inst_seq_generator/Mcount_q_reg_cy<7>)
     MUXCY:CI->O           1   0.051   0.000  Inst_seq_generator/Mcount_q_reg_cy<8> (Inst_seq_generator/Mcount_q_reg_cy<8>)
     MUXCY:CI->O           1   0.051   0.000  Inst_seq_generator/Mcount_q_reg_cy<9> (Inst_seq_generator/Mcount_q_reg_cy<9>)
     MUXCY:CI->O           1   0.051   0.000  Inst_seq_generator/Mcount_q_reg_cy<10> (Inst_seq_generator/Mcount_q_reg_cy<10>)
     MUXCY:CI->O           1   0.051   0.000  Inst_seq_generator/Mcount_q_reg_cy<11> (Inst_seq_generator/Mcount_q_reg_cy<11>)
     MUXCY:CI->O           1   0.051   0.000  Inst_seq_generator/Mcount_q_reg_cy<12> (Inst_seq_generator/Mcount_q_reg_cy<12>)
     MUXCY:CI->O           1   0.051   0.000  Inst_seq_generator/Mcount_q_reg_cy<13> (Inst_seq_generator/Mcount_q_reg_cy<13>)
     MUXCY:CI->O           1   0.051   0.000  Inst_seq_generator/Mcount_q_reg_cy<14> (Inst_seq_generator/Mcount_q_reg_cy<14>)
     MUXCY:CI->O           1   0.051   0.000  Inst_seq_generator/Mcount_q_reg_cy<15> (Inst_seq_generator/Mcount_q_reg_cy<15>)
     MUXCY:CI->O           0   0.051   0.000  Inst_seq_generator/Mcount_q_reg_cy<16> (Inst_seq_generator/Mcount_q_reg_cy<16>)
     XORCY:CI->O           1   0.699   0.000  Inst_seq_generator/Mcount_q_reg_xor<17> (Result<17>)
     FD:D                      0.268          Inst_seq_generator/q_reg_17
    ----------------------------------------
    Total                      3.779ns (3.270ns logic, 0.509ns route)
                                       (86.5% logic, 13.5% route)

=========================================================================
Timing constraint: Default OFFSET OUT AFTER for Clock 'clk'
  Total number of paths / destination ports: 52 / 11
-------------------------------------------------------------------------
Offset:              6.886ns (Levels of Logic = 3)
  Source:            Inst_seq_generator/q_reg_16 (FF)
  Destination:       led<6> (PAD)
  Source Clock:      clk rising

  Data Path: Inst_seq_generator/q_reg_16 to led<6>
                                Gate     Net
    Cell:in->out      fanout   Delay   Delay  Logical Name (Net Name)
    ----------------------------------------  ------------
     FD:C->Q              10   0.514   0.902  Inst_seq_generator/q_reg_16 (Inst_seq_generator/q_reg_16)
     LUT3:I0->O            6   0.612   0.721  Inst_multiplexor/Mmux_output21 (bcd<1>)
     LUT4:I0->O            1   0.612   0.357  Inst_decodificador/led_6_or00001 (led_6_OBUF)
     OBUF:I->O                 3.169          led_6_OBUF (led<6>)
    ----------------------------------------
    Total                      6.886ns (4.907ns logic, 1.979ns route)
                                       (71.3% logic, 28.7% route)

=========================================================================
Timing constraint: Default path analysis
  Total number of paths / destination ports: 30 / 7
-------------------------------------------------------------------------
Delay:               7.026ns (Levels of Logic = 4)
  Source:            dig_0<1> (PAD)
  Destination:       led<6> (PAD)

  Data Path: dig_0<1> to led<6>
                                Gate     Net
    Cell:in->out      fanout   Delay   Delay  Logical Name (Net Name)
    ----------------------------------------  ------------
     IBUF:I->O             2   1.106   0.449  dig_0_1_IBUF (dig_0_1_IBUF)
     LUT3:I1->O            6   0.612   0.721  Inst_multiplexor/Mmux_output21 (bcd<1>)
     LUT4:I0->O            1   0.612   0.357  Inst_decodificador/led_6_or00001 (led_6_OBUF)
     OBUF:I->O                 3.169          led_6_OBUF (led<6>)
    ----------------------------------------
    Total                      7.026ns (5.499ns logic, 1.527ns route)
                                       (78.3% logic, 21.7% route)

=========================================================================


Total REAL time to Xst completion: 6.00 secs
Total CPU time to Xst completion: 5.82 secs
 
--> 

Total memory usage is 248844 kilobytes

Number of errors   :    0 (   0 filtered)
Number of warnings :    0 (   0 filtered)
Number of infos    :    1 (   0 filtered)

